{"contracts\\AsyncRWAVault.sol":{"l":{"77":0,"78":0,"85":0,"86":0,"90":0,"91":0,"92":0,"93":0,"94":0,"95":0,"97":0,"105":0,"109":0,"110":0,"112":0,"116":0,"120":0,"124":0,"125":0,"129":0,"137":0,"138":0,"140":0,"141":0,"143":0,"144":0,"145":0,"146":0,"149":0,"161":0,"169":0,"171":0,"173":0,"174":0,"176":0,"188":0,"195":0,"196":0,"198":0,"200":0,"202":0,"203":0,"204":0,"206":0,"207":0,"208":0,"213":0,"214":0,"216":0,"217":0,"224":0,"225":0,"226":0,"229":0,"231":0,"232":0,"233":0,"234":0,"237":0,"238":0,"239":0,"241":0,"243":0,"250":0,"251":0,"252":0,"254":0,"255":0,"256":0,"258":0,"259":0,"261":0,"265":0,"269":0,"270":0,"271":0,"272":0,"273":0,"275":0},"path":"E:\\Projects\\Rwa-Claim-Market\\packages\\contracts\\contracts\\AsyncRWAVault.sol","s":{"1":0,"2":0,"3":0,"4":0,"5":0,"6":0,"7":0,"8":0,"9":0,"10":0,"11":0,"12":0,"13":0,"14":0,"15":0,"16":0,"17":0,"18":0,"19":0,"20":0,"21":0,"22":0,"23":0,"24":0,"25":0,"26":0,"27":0,"28":0,"29":0,"30":0,"31":0,"32":0,"33":0,"34":0,"35":0,"36":0,"37":0,"38":0,"39":0,"40":0,"41":0,"42":0,"43":0,"44":0,"45":0,"46":0,"47":0,"48":0,"49":0,"50":0,"51":0,"52":0,"53":0,"54":0,"55":0,"56":0,"57":0,"58":0,"59":0,"60":0,"61":0,"62":0,"63":0,"64":0,"65":0,"66":0,"67":0},"b":{"1":[0,0],"2":[0,0],"3":[0,0],"4":[0,0],"5":[0,0],"6":[0,0],"7":[0,0],"8":[0,0],"9":[0,0],"10":[0,0],"11":[0,0],"12":[0,0],"13":[0,0],"14":[0,0],"15":[0,0],"16":[0,0],"17":[0,0],"18":[0,0],"19":[0,0],"20":[0,0],"21":[0,0],"22":[0,0],"23":[0,0],"24":[0,0],"25":[0,0],"26":[0,0],"27":[0,0],"28":[0,0],"29":[0,0],"30":[0,0],"31":[0,0],"32":[0,0],"33":[0,0],"34":[0,0],"35":[0,0],"36":[0,0],"37":[0,0],"38":[0,0],"39":[0,0],"40":[0,0]},"f":{"1":0,"2":0,"3":0,"4":0,"5":0,"6":0,"7":0,"8":0,"9":0,"10":0,"11":0,"12":0,"13":0,"14":0,"15":0,"16":0},"fnMap":{"1":{"name":"onlyOracle","line":76,"loc":{"start":{"line":76,"column":4},"end":{"line":79,"column":4}}},"2":{"name":"constructor","line":84,"loc":{"start":{"line":81,"column":4},"end":{"line":87,"column":4}}},"3":{"name":"isValidStateTransition","line":89,"loc":{"start":{"line":89,"column":4},"end":{"line":106,"column":4}}},"4":{"name":"_transitionState","line":108,"loc":{"start":{"line":108,"column":4},"end":{"line":113,"column":4}}},"5":{"name":"setOracleAdapter","line":115,"loc":{"start":{"line":115,"column":4},"end":{"line":117,"column":4}}},"6":{"name":"setClaimRegistry","line":119,"loc":{"start":{"line":119,"column":4},"end":{"line":121,"column":4}}},"7":{"name":"pause","line":123,"loc":{"start":{"line":123,"column":4},"end":{"line":126,"column":4}}},"8":{"name":"unpause","line":128,"loc":{"start":{"line":128,"column":4},"end":{"line":130,"column":4}}},"9":{"name":"requestDeposit","line":136,"loc":{"start":{"line":136,"column":4},"end":{"line":162,"column":4}}},"10":{"name":"requestRedeem","line":168,"loc":{"start":{"line":168,"column":4},"end":{"line":189,"column":4}}},"11":{"name":"onAttestationSettled","line":194,"loc":{"start":{"line":194,"column":4},"end":{"line":210,"column":4}}},"12":{"name":"onAttestationRejected","line":212,"loc":{"start":{"line":212,"column":4},"end":{"line":218,"column":4}}},"13":{"name":"claimShares","line":223,"loc":{"start":{"line":223,"column":4},"end":{"line":244,"column":4}}},"14":{"name":"claimAssets","line":249,"loc":{"start":{"line":249,"column":4},"end":{"line":262,"column":4}}},"15":{"name":"getRequest","line":264,"loc":{"start":{"line":264,"column":4},"end":{"line":266,"column":4}}},"16":{"name":"_toString","line":268,"loc":{"start":{"line":268,"column":4},"end":{"line":276,"column":4}}}},"statementMap":{"1":{"start":{"line":77,"column":8},"end":{"line":77,"column":68}},"2":{"start":{"line":90,"column":8},"end":{"line":90,"column":85}},"3":{"start":{"line":90,"column":74},"end":{"line":90,"column":85}},"4":{"start":{"line":91,"column":8},"end":{"line":91,"column":84}},"5":{"start":{"line":91,"column":73},"end":{"line":91,"column":84}},"6":{"start":{"line":92,"column":8},"end":{"line":92,"column":85}},"7":{"start":{"line":92,"column":74},"end":{"line":92,"column":85}},"8":{"start":{"line":93,"column":8},"end":{"line":93,"column":84}},"9":{"start":{"line":93,"column":73},"end":{"line":93,"column":84}},"10":{"start":{"line":94,"column":8},"end":{"line":94,"column":85}},"11":{"start":{"line":94,"column":74},"end":{"line":94,"column":85}},"12":{"start":{"line":95,"column":8},"end":{"line":95,"column":87}},"13":{"start":{"line":95,"column":76},"end":{"line":95,"column":87}},"14":{"start":{"line":97,"column":8},"end":{"line":97,"column":3926}},"15":{"start":{"line":103,"column":10},"end":{"line":103,"column":21}},"16":{"start":{"line":105,"column":8},"end":{"line":105,"column":20}},"17":{"start":{"line":109,"column":8},"end":{"line":109,"column":4302}},"18":{"start":{"line":124,"column":8},"end":{"line":124,"column":15}},"19":{"start":{"line":125,"column":8},"end":{"line":125,"column":40}},"20":{"start":{"line":129,"column":8},"end":{"line":129,"column":17}},"21":{"start":{"line":137,"column":8},"end":{"line":137,"column":47}},"22":{"start":{"line":138,"column":8},"end":{"line":138,"column":64}},"23":{"start":{"line":143,"column":8},"end":{"line":143,"column":27}},"24":{"start":{"line":144,"column":8},"end":{"line":144,"column":5453}},"25":{"start":{"line":161,"column":8},"end":{"line":161,"column":60}},"26":{"start":{"line":169,"column":8},"end":{"line":169,"column":53}},"27":{"start":{"line":171,"column":8},"end":{"line":171,"column":57}},"28":{"start":{"line":188,"column":8},"end":{"line":188,"column":65}},"29":{"start":{"line":195,"column":8},"end":{"line":195,"column":54}},"30":{"start":{"line":196,"column":8},"end":{"line":196,"column":92}},"31":{"start":{"line":196,"column":86},"end":{"line":196,"column":92}},"32":{"start":{"line":198,"column":8},"end":{"line":198,"column":52}},"33":{"start":{"line":200,"column":8},"end":{"line":200,"column":7458}},"34":{"start":{"line":203,"column":12},"end":{"line":203,"column":60}},"35":{"start":{"line":204,"column":12},"end":{"line":204,"column":76}},"36":{"start":{"line":207,"column":12},"end":{"line":207,"column":59}},"37":{"start":{"line":208,"column":12},"end":{"line":208,"column":75}},"38":{"start":{"line":213,"column":8},"end":{"line":213,"column":54}},"39":{"start":{"line":214,"column":8},"end":{"line":214,"column":93}},"40":{"start":{"line":214,"column":87},"end":{"line":214,"column":93}},"41":{"start":{"line":216,"column":8},"end":{"line":216,"column":51}},"42":{"start":{"line":217,"column":8},"end":{"line":217,"column":47}},"43":{"start":{"line":224,"column":8},"end":{"line":224,"column":54}},"44":{"start":{"line":225,"column":8},"end":{"line":225,"column":77}},"45":{"start":{"line":226,"column":8},"end":{"line":226,"column":73}},"46":{"start":{"line":229,"column":8},"end":{"line":229,"column":72}},"47":{"start":{"line":231,"column":8},"end":{"line":231,"column":37}},"48":{"start":{"line":232,"column":8},"end":{"line":232,"column":9011}},"49":{"start":{"line":234,"column":12},"end":{"line":234,"column":54}},"50":{"start":{"line":237,"column":8},"end":{"line":237,"column":52}},"51":{"start":{"line":238,"column":8},"end":{"line":238,"column":50}},"52":{"start":{"line":241,"column":8},"end":{"line":241,"column":37}},"53":{"start":{"line":243,"column":8},"end":{"line":243,"column":63}},"54":{"start":{"line":250,"column":8},"end":{"line":250,"column":54}},"55":{"start":{"line":251,"column":8},"end":{"line":251,"column":77}},"56":{"start":{"line":252,"column":8},"end":{"line":252,"column":72}},"57":{"start":{"line":254,"column":8},"end":{"line":254,"column":52}},"58":{"start":{"line":255,"column":8},"end":{"line":255,"column":52}},"59":{"start":{"line":258,"column":8},"end":{"line":258,"column":39}},"60":{"start":{"line":259,"column":8},"end":{"line":259,"column":52}},"61":{"start":{"line":261,"column":8},"end":{"line":261,"column":64}},"62":{"start":{"line":265,"column":8},"end":{"line":265,"column":35}},"63":{"start":{"line":269,"column":8},"end":{"line":269,"column":37}},"64":{"start":{"line":269,"column":24},"end":{"line":269,"column":37}},"65":{"start":{"line":270,"column":8},"end":{"line":270,"column":42}},"66":{"start":{"line":271,"column":8},"end":{"line":271,"column":10474}},"67":{"start":{"line":275,"column":8},"end":{"line":275,"column":29}}},"branchMap":{"1":{"line":77,"type":"if","locations":[{"start":{"line":77,"column":8},"end":{"line":77,"column":8}},{"start":{"line":77,"column":8},"end":{"line":77,"column":8}}]},"2":{"line":90,"type":"if","locations":[{"start":{"line":90,"column":8},"end":{"line":90,"column":8}},{"start":{"line":90,"column":8},"end":{"line":90,"column":8}}]},"3":{"line":91,"type":"if","locations":[{"start":{"line":91,"column":8},"end":{"line":91,"column":8}},{"start":{"line":91,"column":8},"end":{"line":91,"column":8}}]},"4":{"line":92,"type":"if","locations":[{"start":{"line":92,"column":8},"end":{"line":92,"column":8}},{"start":{"line":92,"column":8},"end":{"line":92,"column":8}}]},"5":{"line":93,"type":"if","locations":[{"start":{"line":93,"column":8},"end":{"line":93,"column":8}},{"start":{"line":93,"column":8},"end":{"line":93,"column":8}}]},"6":{"line":94,"type":"if","locations":[{"start":{"line":94,"column":8},"end":{"line":94,"column":8}},{"start":{"line":94,"column":8},"end":{"line":94,"column":8}}]},"7":{"line":95,"type":"if","locations":[{"start":{"line":95,"column":8},"end":{"line":95,"column":8}},{"start":{"line":95,"column":8},"end":{"line":95,"column":8}}]},"8":{"line":97,"type":"if","locations":[{"start":{"line":97,"column":8},"end":{"line":97,"column":8}},{"start":{"line":97,"column":8},"end":{"line":97,"column":8}}]},"9":{"line":98,"type":"cond-expr","locations":[{"start":{"line":98,"column":13},"end":{"line":98,"column":42}},{"start":{"line":99,"column":16},"end":{"line":99,"column":43}}]},"10":{"line":98,"type":"cond-expr","locations":[{"start":{"line":98,"column":13},"end":{"line":99,"column":43}},{"start":{"line":100,"column":16},"end":{"line":100,"column":44}}]},"11":{"line":98,"type":"cond-expr","locations":[{"start":{"line":98,"column":13},"end":{"line":100,"column":44}},{"start":{"line":101,"column":16},"end":{"line":101,"column":43}}]},"12":{"line":109,"type":"if","locations":[{"start":{"line":109,"column":8},"end":{"line":109,"column":8}},{"start":{"line":109,"column":8},"end":{"line":109,"column":8}}]},"13":{"line":115,"type":"if","locations":[{"start":{"line":115,"column":63},"end":{"line":115,"column":63}},{"start":{"line":115,"column":63},"end":{"line":115,"column":63}}]},"14":{"line":119,"type":"if","locations":[{"start":{"line":119,"column":63},"end":{"line":119,"column":63}},{"start":{"line":119,"column":63},"end":{"line":119,"column":63}}]},"15":{"line":123,"type":"if","locations":[{"start":{"line":123,"column":30},"end":{"line":123,"column":30}},{"start":{"line":123,"column":30},"end":{"line":123,"column":30}}]},"16":{"line":128,"type":"if","locations":[{"start":{"line":128,"column":32},"end":{"line":128,"column":32}},{"start":{"line":128,"column":32},"end":{"line":128,"column":32}}]},"17":{"line":136,"type":"if","locations":[{"start":{"line":136,"column":53},"end":{"line":136,"column":53}},{"start":{"line":136,"column":53},"end":{"line":136,"column":53}}]},"18":{"line":136,"type":"if","locations":[{"start":{"line":136,"column":67},"end":{"line":136,"column":67}},{"start":{"line":136,"column":67},"end":{"line":136,"column":67}}]},"19":{"line":137,"type":"if","locations":[{"start":{"line":137,"column":8},"end":{"line":137,"column":8}},{"start":{"line":137,"column":8},"end":{"line":137,"column":8}}]},"20":{"line":144,"type":"if","locations":[{"start":{"line":144,"column":8},"end":{"line":144,"column":8}},{"start":{"line":144,"column":8},"end":{"line":144,"column":8}}]},"21":{"line":168,"type":"if","locations":[{"start":{"line":168,"column":58},"end":{"line":168,"column":58}},{"start":{"line":168,"column":58},"end":{"line":168,"column":58}}]},"22":{"line":168,"type":"if","locations":[{"start":{"line":168,"column":72},"end":{"line":168,"column":72}},{"start":{"line":168,"column":72},"end":{"line":168,"column":72}}]},"23":{"line":169,"type":"if","locations":[{"start":{"line":169,"column":8},"end":{"line":169,"column":8}},{"start":{"line":169,"column":8},"end":{"line":169,"column":8}}]},"24":{"line":194,"type":"if","locations":[{"start":{"line":194,"column":83},"end":{"line":194,"column":83}},{"start":{"line":194,"column":83},"end":{"line":194,"column":83}}]},"25":{"line":196,"type":"if","locations":[{"start":{"line":196,"column":8},"end":{"line":196,"column":8}},{"start":{"line":196,"column":8},"end":{"line":196,"column":8}}]},"26":{"line":200,"type":"if","locations":[{"start":{"line":200,"column":8},"end":{"line":200,"column":8}},{"start":{"line":200,"column":8},"end":{"line":200,"column":8}}]},"27":{"line":212,"type":"if","locations":[{"start":{"line":212,"column":95},"end":{"line":212,"column":95}},{"start":{"line":212,"column":95},"end":{"line":212,"column":95}}]},"28":{"line":214,"type":"if","locations":[{"start":{"line":214,"column":8},"end":{"line":214,"column":8}},{"start":{"line":214,"column":8},"end":{"line":214,"column":8}}]},"29":{"line":214,"type":"cond-expr","locations":[{"start":{"line":214,"column":12},"end":{"line":214,"column":46}},{"start":{"line":214,"column":51},"end":{"line":214,"column":84}}]},"30":{"line":223,"type":"if","locations":[{"start":{"line":223,"column":61},"end":{"line":223,"column":61}},{"start":{"line":223,"column":61},"end":{"line":223,"column":61}}]},"31":{"line":223,"type":"if","locations":[{"start":{"line":223,"column":75},"end":{"line":223,"column":75}},{"start":{"line":223,"column":75},"end":{"line":223,"column":75}}]},"32":{"line":225,"type":"if","locations":[{"start":{"line":225,"column":8},"end":{"line":225,"column":8}},{"start":{"line":225,"column":8},"end":{"line":225,"column":8}}]},"33":{"line":226,"type":"if","locations":[{"start":{"line":226,"column":8},"end":{"line":226,"column":8}},{"start":{"line":226,"column":8},"end":{"line":226,"column":8}}]},"34":{"line":229,"type":"if","locations":[{"start":{"line":229,"column":8},"end":{"line":229,"column":8}},{"start":{"line":229,"column":8},"end":{"line":229,"column":8}}]},"35":{"line":232,"type":"if","locations":[{"start":{"line":232,"column":8},"end":{"line":232,"column":8}},{"start":{"line":232,"column":8},"end":{"line":232,"column":8}}]},"36":{"line":249,"type":"if","locations":[{"start":{"line":249,"column":61},"end":{"line":249,"column":61}},{"start":{"line":249,"column":61},"end":{"line":249,"column":61}}]},"37":{"line":249,"type":"if","locations":[{"start":{"line":249,"column":75},"end":{"line":249,"column":75}},{"start":{"line":249,"column":75},"end":{"line":249,"column":75}}]},"38":{"line":251,"type":"if","locations":[{"start":{"line":251,"column":8},"end":{"line":251,"column":8}},{"start":{"line":251,"column":8},"end":{"line":251,"column":8}}]},"39":{"line":252,"type":"if","locations":[{"start":{"line":252,"column":8},"end":{"line":252,"column":8}},{"start":{"line":252,"column":8},"end":{"line":252,"column":8}}]},"40":{"line":269,"type":"if","locations":[{"start":{"line":269,"column":8},"end":{"line":269,"column":8}},{"start":{"line":269,"column":8},"end":{"line":269,"column":8}}]}}},"contracts\\ClaimMarket.sol":{"l":{"40":0,"41":0,"45":0,"47":0,"48":0,"49":0,"50":0,"52":0,"59":0,"61":0,"65":0,"66":0,"67":0,"69":0,"70":0,"72":0,"76":0,"77":0,"78":0,"80":0,"81":0,"83":0,"85":0,"86":0,"87":0,"89":0,"93":0},"path":"E:\\Projects\\Rwa-Claim-Market\\packages\\contracts\\contracts\\ClaimMarket.sol","s":{"1":0,"2":0,"3":0,"4":0,"5":0,"6":0,"7":0,"8":0,"9":0,"10":0,"11":0,"12":0,"13":0,"14":0,"15":0,"16":0,"17":0,"18":0,"19":0,"20":0,"21":0,"22":0},"b":{"1":[0,0],"2":[0,0],"3":[0,0],"4":[0,0],"5":[0,0],"6":[0,0],"7":[0,0],"8":[0,0],"9":[0,0],"10":[0,0],"11":[0,0]},"f":{"1":0,"2":0,"3":0,"4":0,"5":0},"fnMap":{"1":{"name":"constructor","line":39,"loc":{"start":{"line":39,"column":4},"end":{"line":42,"column":4}}},"2":{"name":"listClaim","line":44,"loc":{"start":{"line":44,"column":4},"end":{"line":62,"column":4}}},"3":{"name":"cancelListing","line":64,"loc":{"start":{"line":64,"column":4},"end":{"line":73,"column":4}}},"4":{"name":"buyClaim","line":75,"loc":{"start":{"line":75,"column":4},"end":{"line":90,"column":4}}},"5":{"name":"getListing","line":92,"loc":{"start":{"line":92,"column":4},"end":{"line":94,"column":4}}}},"statementMap":{"1":{"start":{"line":45,"column":8},"end":{"line":45,"column":45}},"2":{"start":{"line":47,"column":8},"end":{"line":47,"column":74}},"3":{"start":{"line":48,"column":8},"end":{"line":48,"column":61}},"4":{"start":{"line":49,"column":8},"end":{"line":49,"column":91}},"5":{"start":{"line":50,"column":8},"end":{"line":50,"column":58}},"6":{"start":{"line":59,"column":8},"end":{"line":59,"column":81}},"7":{"start":{"line":61,"column":8},"end":{"line":61,"column":52}},"8":{"start":{"line":65,"column":8},"end":{"line":65,"column":52}},"9":{"start":{"line":66,"column":8},"end":{"line":66,"column":54}},"10":{"start":{"line":67,"column":8},"end":{"line":67,"column":64}},"11":{"start":{"line":70,"column":8},"end":{"line":70,"column":81}},"12":{"start":{"line":72,"column":8},"end":{"line":72,"column":55}},"13":{"start":{"line":76,"column":8},"end":{"line":76,"column":52}},"14":{"start":{"line":77,"column":8},"end":{"line":77,"column":54}},"15":{"start":{"line":78,"column":8},"end":{"line":78,"column":64}},"16":{"start":{"line":80,"column":8},"end":{"line":80,"column":39}},"17":{"start":{"line":81,"column":8},"end":{"line":81,"column":37}},"18":{"start":{"line":85,"column":8},"end":{"line":85,"column":63}},"19":{"start":{"line":86,"column":8},"end":{"line":86,"column":55}},"20":{"start":{"line":87,"column":8},"end":{"line":87,"column":81}},"21":{"start":{"line":89,"column":8},"end":{"line":89,"column":63}},"22":{"start":{"line":93,"column":8},"end":{"line":93,"column":33}}},"branchMap":{"1":{"line":44,"type":"if","locations":[{"start":{"line":44,"column":64},"end":{"line":44,"column":64}},{"start":{"line":44,"column":64},"end":{"line":44,"column":64}}]},"2":{"line":45,"type":"if","locations":[{"start":{"line":45,"column":8},"end":{"line":45,"column":8}},{"start":{"line":45,"column":8},"end":{"line":45,"column":8}}]},"3":{"line":48,"type":"if","locations":[{"start":{"line":48,"column":8},"end":{"line":48,"column":8}},{"start":{"line":48,"column":8},"end":{"line":48,"column":8}}]},"4":{"line":49,"type":"if","locations":[{"start":{"line":49,"column":8},"end":{"line":49,"column":8}},{"start":{"line":49,"column":8},"end":{"line":49,"column":8}}]},"5":{"line":50,"type":"if","locations":[{"start":{"line":50,"column":8},"end":{"line":50,"column":8}},{"start":{"line":50,"column":8},"end":{"line":50,"column":8}}]},"6":{"line":64,"type":"if","locations":[{"start":{"line":64,"column":53},"end":{"line":64,"column":53}},{"start":{"line":64,"column":53},"end":{"line":64,"column":53}}]},"7":{"line":66,"type":"if","locations":[{"start":{"line":66,"column":8},"end":{"line":66,"column":8}},{"start":{"line":66,"column":8},"end":{"line":66,"column":8}}]},"8":{"line":67,"type":"if","locations":[{"start":{"line":67,"column":8},"end":{"line":67,"column":8}},{"start":{"line":67,"column":8},"end":{"line":67,"column":8}}]},"9":{"line":75,"type":"if","locations":[{"start":{"line":75,"column":48},"end":{"line":75,"column":48}},{"start":{"line":75,"column":48},"end":{"line":75,"column":48}}]},"10":{"line":77,"type":"if","locations":[{"start":{"line":77,"column":8},"end":{"line":77,"column":8}},{"start":{"line":77,"column":8},"end":{"line":77,"column":8}}]},"11":{"line":78,"type":"if","locations":[{"start":{"line":78,"column":8},"end":{"line":78,"column":8}},{"start":{"line":78,"column":8},"end":{"line":78,"column":8}}]}}},"contracts\\ClaimRegistry.sol":{"l":{"49":0,"50":0,"52":0,"58":0,"62":0,"71":0,"72":0,"74":0,"75":0,"76":0,"77":0,"79":0,"93":0,"95":0,"99":0,"100":0,"101":0,"102":0,"105":0,"106":0,"107":0,"108":0,"110":0,"111":0,"115":0,"116":0,"117":0,"119":0,"120":0,"122":0,"123":0,"127":0,"128":0,"130":0,"131":0,"132":0,"136":0,"137":0,"141":0,"142":0},"path":"E:\\Projects\\Rwa-Claim-Market\\packages\\contracts\\contracts\\ClaimRegistry.sol","s":{"1":0,"2":0,"3":0,"4":0,"5":0,"6":0,"7":0,"8":0,"9":0,"10":0,"11":0,"12":0,"13":0,"14":0,"15":0,"16":0,"17":0,"18":0,"19":0,"20":0,"21":0,"22":0,"23":0,"24":0},"b":{"1":[0,0],"2":[0,0],"3":[0,0],"4":[0,0],"5":[0,0],"6":[0,0],"7":[0,0],"8":[0,0],"9":[0,0],"10":[0,0],"11":[0,0],"12":[0,0],"13":[0,0],"14":[0,0],"15":[0,0],"16":[0,0],"17":[0,0],"18":[0,0]},"f":{"1":0,"2":0,"3":0,"4":0,"5":0,"6":0,"7":0,"8":0,"9":0,"10":0},"fnMap":{"1":{"name":"onlyAuthorized","line":48,"loc":{"start":{"line":48,"column":4},"end":{"line":53,"column":4}}},"2":{"name":"constructor","line":55,"loc":{"start":{"line":55,"column":4},"end":{"line":55,"column":39}}},"3":{"name":"setVault","line":57,"loc":{"start":{"line":57,"column":4},"end":{"line":59,"column":4}}},"4":{"name":"setClaimMarket","line":61,"loc":{"start":{"line":61,"column":4},"end":{"line":63,"column":4}}},"5":{"name":"createClaim","line":70,"loc":{"start":{"line":65,"column":4},"end":{"line":96,"column":4}}},"6":{"name":"transferClaim","line":98,"loc":{"start":{"line":98,"column":4},"end":{"line":112,"column":4}}},"7":{"name":"markClaimSettled","line":114,"loc":{"start":{"line":114,"column":4},"end":{"line":124,"column":4}}},"8":{"name":"updateClaimStatus","line":126,"loc":{"start":{"line":126,"column":4},"end":{"line":133,"column":4}}},"9":{"name":"getClaim","line":135,"loc":{"start":{"line":135,"column":4},"end":{"line":138,"column":4}}},"10":{"name":"getClaimOwner","line":140,"loc":{"start":{"line":140,"column":4},"end":{"line":143,"column":4}}}},"statementMap":{"1":{"start":{"line":49,"column":8},"end":{"line":49,"column":1536}},"2":{"start":{"line":71,"column":8},"end":{"line":71,"column":50}},"3":{"start":{"line":72,"column":8},"end":{"line":72,"column":75}},"4":{"start":{"line":76,"column":8},"end":{"line":76,"column":39}},"5":{"start":{"line":77,"column":8},"end":{"line":77,"column":104}},"6":{"start":{"line":95,"column":8},"end":{"line":95,"column":68}},"7":{"start":{"line":99,"column":8},"end":{"line":99,"column":46}},"8":{"start":{"line":100,"column":8},"end":{"line":100,"column":54}},"9":{"start":{"line":101,"column":8},"end":{"line":101,"column":3215}},"10":{"start":{"line":105,"column":8},"end":{"line":105,"column":38}},"11":{"start":{"line":110,"column":8},"end":{"line":110,"column":58}},"12":{"start":{"line":111,"column":8},"end":{"line":111,"column":65}},"13":{"start":{"line":115,"column":8},"end":{"line":115,"column":46}},"14":{"start":{"line":116,"column":8},"end":{"line":116,"column":54}},"15":{"start":{"line":117,"column":8},"end":{"line":117,"column":72}},"16":{"start":{"line":122,"column":8},"end":{"line":122,"column":61}},"17":{"start":{"line":123,"column":8},"end":{"line":123,"column":47}},"18":{"start":{"line":127,"column":8},"end":{"line":127,"column":46}},"19":{"start":{"line":128,"column":8},"end":{"line":128,"column":54}},"20":{"start":{"line":132,"column":8},"end":{"line":132,"column":48}},"21":{"start":{"line":136,"column":8},"end":{"line":136,"column":65}},"22":{"start":{"line":137,"column":8},"end":{"line":137,"column":31}},"23":{"start":{"line":141,"column":8},"end":{"line":141,"column":65}},"24":{"start":{"line":142,"column":8},"end":{"line":142,"column":37}}},"branchMap":{"1":{"line":49,"type":"if","locations":[{"start":{"line":49,"column":8},"end":{"line":49,"column":8}},{"start":{"line":49,"column":8},"end":{"line":49,"column":8}}]},"2":{"line":57,"type":"if","locations":[{"start":{"line":57,"column":47},"end":{"line":57,"column":47}},{"start":{"line":57,"column":47},"end":{"line":57,"column":47}}]},"3":{"line":61,"type":"if","locations":[{"start":{"line":61,"column":59},"end":{"line":61,"column":59}},{"start":{"line":61,"column":59},"end":{"line":61,"column":59}}]},"4":{"line":70,"type":"if","locations":[{"start":{"line":70,"column":15},"end":{"line":70,"column":15}},{"start":{"line":70,"column":15},"end":{"line":70,"column":15}}]},"5":{"line":71,"type":"if","locations":[{"start":{"line":71,"column":8},"end":{"line":71,"column":8}},{"start":{"line":71,"column":8},"end":{"line":71,"column":8}}]},"6":{"line":72,"type":"if","locations":[{"start":{"line":72,"column":8},"end":{"line":72,"column":8}},{"start":{"line":72,"column":8},"end":{"line":72,"column":8}}]},"7":{"line":98,"type":"if","locations":[{"start":{"line":98,"column":71},"end":{"line":98,"column":71}},{"start":{"line":98,"column":71},"end":{"line":98,"column":71}}]},"8":{"line":100,"type":"if","locations":[{"start":{"line":100,"column":8},"end":{"line":100,"column":8}},{"start":{"line":100,"column":8},"end":{"line":100,"column":8}}]},"9":{"line":101,"type":"if","locations":[{"start":{"line":101,"column":8},"end":{"line":101,"column":8}},{"start":{"line":101,"column":8},"end":{"line":101,"column":8}}]},"10":{"line":101,"type":"cond-expr","locations":[{"start":{"line":101,"column":12},"end":{"line":101,"column":46}},{"start":{"line":101,"column":51},"end":{"line":101,"column":87}}]},"11":{"line":101,"type":"cond-expr","locations":[{"start":{"line":101,"column":12},"end":{"line":101,"column":87}},{"start":{"line":101,"column":92},"end":{"line":101,"column":130}}]},"12":{"line":114,"type":"if","locations":[{"start":{"line":114,"column":56},"end":{"line":114,"column":56}},{"start":{"line":114,"column":56},"end":{"line":114,"column":56}}]},"13":{"line":116,"type":"if","locations":[{"start":{"line":116,"column":8},"end":{"line":116,"column":8}},{"start":{"line":116,"column":8},"end":{"line":116,"column":8}}]},"14":{"line":117,"type":"if","locations":[{"start":{"line":117,"column":8},"end":{"line":117,"column":8}},{"start":{"line":117,"column":8},"end":{"line":117,"column":8}}]},"15":{"line":126,"type":"if","locations":[{"start":{"line":126,"column":77},"end":{"line":126,"column":77}},{"start":{"line":126,"column":77},"end":{"line":126,"column":77}}]},"16":{"line":128,"type":"if","locations":[{"start":{"line":128,"column":8},"end":{"line":128,"column":8}},{"start":{"line":128,"column":8},"end":{"line":128,"column":8}}]},"17":{"line":136,"type":"if","locations":[{"start":{"line":136,"column":8},"end":{"line":136,"column":8}},{"start":{"line":136,"column":8},"end":{"line":136,"column":8}}]},"18":{"line":141,"type":"if","locations":[{"start":{"line":141,"column":8},"end":{"line":141,"column":8}},{"start":{"line":141,"column":8},"end":{"line":141,"column":8}}]}}},"contracts\\MockUSDC.sol":{"l":{"15":0,"19":0,"23":0,"27":0},"path":"E:\\Projects\\Rwa-Claim-Market\\packages\\contracts\\contracts\\MockUSDC.sol","s":{"1":0,"2":0,"3":0,"4":0},"b":{"1":[0,0]},"f":{"1":0,"2":0,"3":0,"4":0},"fnMap":{"1":{"name":"constructor","line":14,"loc":{"start":{"line":14,"column":4},"end":{"line":16,"column":4}}},"2":{"name":"decimals","line":18,"loc":{"start":{"line":18,"column":4},"end":{"line":20,"column":4}}},"3":{"name":"mint","line":22,"loc":{"start":{"line":22,"column":4},"end":{"line":24,"column":4}}},"4":{"name":"faucet","line":26,"loc":{"start":{"line":26,"column":4},"end":{"line":28,"column":4}}}},"statementMap":{"1":{"start":{"line":15,"column":8},"end":{"line":15,"column":55}},"2":{"start":{"line":19,"column":8},"end":{"line":19,"column":24}},"3":{"start":{"line":23,"column":8},"end":{"line":23,"column":24}},"4":{"start":{"line":27,"column":8},"end":{"line":27,"column":24}}},"branchMap":{"1":{"line":22,"type":"if","locations":[{"start":{"line":22,"column":55},"end":{"line":22,"column":55}},{"start":{"line":22,"column":55},"end":{"line":22,"column":55}}]}}},"contracts\\RWAAssetRegistry.sol":{"l":{"40":0,"41":0,"43":0,"49":0,"61":0,"73":0,"85":0,"86":0},"path":"E:\\Projects\\Rwa-Claim-Market\\packages\\contracts\\contracts\\RWAAssetRegistry.sol","s":{"1":0,"2":0,"3":0,"4":0},"b":{"1":[0,0],"2":[0,0],"3":[0,0],"4":[0,0]},"f":{"1":0,"2":0,"3":0,"4":0,"5":0},"fnMap":{"1":{"name":"onlyOracleOrOwner","line":39,"loc":{"start":{"line":39,"column":4},"end":{"line":44,"column":4}}},"2":{"name":"constructor","line":46,"loc":{"start":{"line":46,"column":4},"end":{"line":46,"column":39}}},"3":{"name":"setOracleAdapter","line":48,"loc":{"start":{"line":48,"column":4},"end":{"line":50,"column":4}}},"4":{"name":"updateAsset","line":60,"loc":{"start":{"line":52,"column":4},"end":{"line":82,"column":4}}},"5":{"name":"getAsset","line":84,"loc":{"start":{"line":84,"column":4},"end":{"line":87,"column":4}}}},"statementMap":{"1":{"start":{"line":40,"column":8},"end":{"line":40,"column":1158}},"2":{"start":{"line":73,"column":8},"end":{"line":73,"column":2097}},"3":{"start":{"line":85,"column":8},"end":{"line":85,"column":60}},"4":{"start":{"line":86,"column":8},"end":{"line":86,"column":31}}},"branchMap":{"1":{"line":40,"type":"if","locations":[{"start":{"line":40,"column":8},"end":{"line":40,"column":8}},{"start":{"line":40,"column":8},"end":{"line":40,"column":8}}]},"2":{"line":48,"type":"if","locations":[{"start":{"line":48,"column":63},"end":{"line":48,"column":63}},{"start":{"line":48,"column":63},"end":{"line":48,"column":63}}]},"3":{"line":60,"type":"if","locations":[{"start":{"line":60,"column":15},"end":{"line":60,"column":15}},{"start":{"line":60,"column":15},"end":{"line":60,"column":15}}]},"4":{"line":85,"type":"if","locations":[{"start":{"line":85,"column":8},"end":{"line":85,"column":8}},{"start":{"line":85,"column":8},"end":{"line":85,"column":8}}]}}},"contracts\\RWAOracleAdapter.sol":{"l":{"78":0,"79":0,"83":0,"84":0,"88":0,"89":0,"93":0,"97":0,"98":0,"105":0,"106":0,"107":0,"110":0,"111":0,"112":0,"113":0,"115":0,"118":0,"132":0,"133":0,"135":0,"136":0,"137":0,"138":0,"140":0,"143":0,"144":0,"145":0,"146":0,"148":0,"151":0,"153":0,"163":0,"164":0,"166":0,"167":0,"168":0,"170":0,"174":0},"path":"E:\\Projects\\Rwa-Claim-Market\\packages\\contracts\\contracts\\RWAOracleAdapter.sol","s":{"1":0,"2":0,"3":0,"4":0,"5":0,"6":0,"7":0,"8":0,"9":0,"10":0,"11":0,"12":0,"13":0,"14":0,"15":0,"16":0,"17":0,"18":0,"19":0,"20":0,"21":0,"22":0,"23":0,"24":0,"25":0,"26":0,"27":0,"28":0},"b":{"1":[0,0],"2":[0,0],"3":[0,0],"4":[0,0],"5":[0,0],"6":[0,0],"7":[0,0],"8":[0,0],"9":[0,0],"10":[0,0],"11":[0,0],"12":[0,0],"13":[0,0],"14":[0,0],"15":[0,0]},"f":{"1":0,"2":0,"3":0,"4":0,"5":0,"6":0},"fnMap":{"1":{"name":"constructor","line":77,"loc":{"start":{"line":74,"column":4},"end":{"line":80,"column":4}}},"2":{"name":"setAttesterSigner","line":82,"loc":{"start":{"line":82,"column":4},"end":{"line":85,"column":4}}},"3":{"name":"revokeSigner","line":87,"loc":{"start":{"line":87,"column":4},"end":{"line":90,"column":4}}},"4":{"name":"setVault","line":92,"loc":{"start":{"line":92,"column":4},"end":{"line":94,"column":4}}},"5":{"name":"setMaxDataAge","line":96,"loc":{"start":{"line":96,"column":4},"end":{"line":99,"column":4}}},"6":{"name":"submitAttestation","line":101,"loc":{"start":{"line":101,"column":4},"end":{"line":175,"column":4}}}},"statementMap":{"1":{"start":{"line":84,"column":8},"end":{"line":84,"column":35}},"2":{"start":{"line":89,"column":8},"end":{"line":89,"column":35}},"3":{"start":{"line":98,"column":8},"end":{"line":98,"column":39}},"4":{"start":{"line":105,"column":8},"end":{"line":105,"column":3162}},"5":{"start":{"line":106,"column":12},"end":{"line":106,"column":88}},"6":{"start":{"line":110,"column":8},"end":{"line":110,"column":3339}},"7":{"start":{"line":111,"column":12},"end":{"line":111,"column":89}},"8":{"start":{"line":112,"column":12},"end":{"line":112,"column":3545}},"9":{"start":{"line":113,"column":16},"end":{"line":113,"column":100}},"10":{"start":{"line":118,"column":8},"end":{"line":118,"column":3744}},"11":{"start":{"line":132,"column":8},"end":{"line":132,"column":51}},"12":{"start":{"line":133,"column":8},"end":{"line":133,"column":64}},"13":{"start":{"line":135,"column":8},"end":{"line":135,"column":4301}},"14":{"start":{"line":136,"column":12},"end":{"line":136,"column":88}},"15":{"start":{"line":137,"column":12},"end":{"line":137,"column":4446}},"16":{"start":{"line":138,"column":16},"end":{"line":138,"column":99}},"17":{"start":{"line":143,"column":8},"end":{"line":143,"column":4640}},"18":{"start":{"line":144,"column":12},"end":{"line":144,"column":88}},"19":{"start":{"line":145,"column":12},"end":{"line":145,"column":4787}},"20":{"start":{"line":146,"column":16},"end":{"line":146,"column":99}},"21":{"start":{"line":153,"column":8},"end":{"line":153,"column":5028}},"22":{"start":{"line":163,"column":8},"end":{"line":163,"column":128}},"23":{"start":{"line":164,"column":8},"end":{"line":164,"column":93}},"24":{"start":{"line":166,"column":8},"end":{"line":166,"column":5516}},"25":{"start":{"line":167,"column":12},"end":{"line":167,"column":5559}},"26":{"start":{"line":168,"column":16},"end":{"line":168,"column":92}},"27":{"start":{"line":170,"column":16},"end":{"line":170,"column":102}},"28":{"start":{"line":174,"column":8},"end":{"line":174,"column":19}}},"branchMap":{"1":{"line":82,"type":"if","locations":[{"start":{"line":82,"column":57},"end":{"line":82,"column":57}},{"start":{"line":82,"column":57},"end":{"line":82,"column":57}}]},"2":{"line":87,"type":"if","locations":[{"start":{"line":87,"column":52},"end":{"line":87,"column":52}},{"start":{"line":87,"column":52},"end":{"line":87,"column":52}}]},"3":{"line":92,"type":"if","locations":[{"start":{"line":92,"column":47},"end":{"line":92,"column":47}},{"start":{"line":92,"column":47},"end":{"line":92,"column":47}}]},"4":{"line":96,"type":"if","locations":[{"start":{"line":96,"column":53},"end":{"line":96,"column":53}},{"start":{"line":96,"column":53},"end":{"line":96,"column":53}}]},"5":{"line":105,"type":"if","locations":[{"start":{"line":105,"column":8},"end":{"line":105,"column":8}},{"start":{"line":105,"column":8},"end":{"line":105,"column":8}}]},"6":{"line":110,"type":"if","locations":[{"start":{"line":110,"column":8},"end":{"line":110,"column":8}},{"start":{"line":110,"column":8},"end":{"line":110,"column":8}}]},"7":{"line":110,"type":"cond-expr","locations":[{"start":{"line":110,"column":12},"end":{"line":110,"column":58}},{"start":{"line":110,"column":63},"end":{"line":110,"column":102}}]},"8":{"line":112,"type":"if","locations":[{"start":{"line":112,"column":12},"end":{"line":112,"column":12}},{"start":{"line":112,"column":12},"end":{"line":112,"column":12}}]},"9":{"line":135,"type":"if","locations":[{"start":{"line":135,"column":8},"end":{"line":135,"column":8}},{"start":{"line":135,"column":8},"end":{"line":135,"column":8}}]},"10":{"line":137,"type":"if","locations":[{"start":{"line":137,"column":12},"end":{"line":137,"column":12}},{"start":{"line":137,"column":12},"end":{"line":137,"column":12}}]},"11":{"line":143,"type":"if","locations":[{"start":{"line":143,"column":8},"end":{"line":143,"column":8}},{"start":{"line":143,"column":8},"end":{"line":143,"column":8}}]},"12":{"line":145,"type":"if","locations":[{"start":{"line":145,"column":12},"end":{"line":145,"column":12}},{"start":{"line":145,"column":12},"end":{"line":145,"column":12}}]},"13":{"line":166,"type":"if","locations":[{"start":{"line":166,"column":8},"end":{"line":166,"column":8}},{"start":{"line":166,"column":8},"end":{"line":166,"column":8}}]},"14":{"line":167,"type":"if","locations":[{"start":{"line":167,"column":12},"end":{"line":167,"column":12}},{"start":{"line":167,"column":12},"end":{"line":167,"column":12}}]},"15":{"line":167,"type":"cond-expr","locations":[{"start":{"line":167,"column":16},"end":{"line":167,"column":69}},{"start":{"line":167,"column":74},"end":{"line":167,"column":129}}]}}}}