TN:
SF:E:\Projects\Rwa-Claim-Market\packages\contracts\contracts\AsyncRWAVault.sol
FN:76,onlyOracle
FN:84,constructor
FN:89,isValidStateTransition
FN:108,_transitionState
FN:115,setOracleAdapter
FN:119,setClaimRegistry
FN:123,pause
FN:128,unpause
FN:136,requestDeposit
FN:168,requestRedeem
FN:194,onAttestationSettled
FN:212,onAttestationRejected
FN:223,claimShares
FN:249,claimAssets
FN:264,getRequest
FN:268,_toString
FNF:16
FNH:0
FNDA:0,onlyOracle
FNDA:0,constructor
FNDA:0,isValidStateTransition
FNDA:0,_transitionState
FNDA:0,setOracleAdapter
FNDA:0,setClaimRegistry
FNDA:0,pause
FNDA:0,unpause
FNDA:0,requestDeposit
FNDA:0,requestRedeem
FNDA:0,onAttestationSettled
FNDA:0,onAttestationRejected
FNDA:0,claimShares
FNDA:0,claimAssets
FNDA:0,getRequest
FNDA:0,_toString
DA:77,0
DA:78,0
DA:85,0
DA:86,0
DA:90,0
DA:91,0
DA:92,0
DA:93,0
DA:94,0
DA:95,0
DA:97,0
DA:105,0
DA:109,0
DA:110,0
DA:112,0
DA:116,0
DA:120,0
DA:124,0
DA:125,0
DA:129,0
DA:137,0
DA:138,0
DA:140,0
DA:141,0
DA:143,0
DA:144,0
DA:145,0
DA:146,0
DA:149,0
DA:161,0
DA:169,0
DA:171,0
DA:173,0
DA:174,0
DA:176,0
DA:188,0
DA:195,0
DA:196,0
DA:198,0
DA:200,0
DA:202,0
DA:203,0
DA:204,0
DA:206,0
DA:207,0
DA:208,0
DA:213,0
DA:214,0
DA:216,0
DA:217,0
DA:224,0
DA:225,0
DA:226,0
DA:229,0
DA:231,0
DA:232,0
DA:233,0
DA:234,0
DA:237,0
DA:238,0
DA:239,0
DA:241,0
DA:243,0
DA:250,0
DA:251,0
DA:252,0
DA:254,0
DA:255,0
DA:256,0
DA:258,0
DA:259,0
DA:261,0
DA:265,0
DA:269,0
DA:270,0
DA:271,0
DA:272,0
DA:273,0
DA:275,0
LF:79
LH:0
BRDA:77,1,0,0
BRDA:77,1,1,0
BRDA:90,2,0,0
BRDA:90,2,1,0
BRDA:91,3,0,0
BRDA:91,3,1,0
BRDA:92,4,0,0
BRDA:92,4,1,0
BRDA:93,5,0,0
BRDA:93,5,1,0
BRDA:94,6,0,0
BRDA:94,6,1,0
BRDA:95,7,0,0
BRDA:95,7,1,0
BRDA:97,8,0,0
BRDA:97,8,1,0
BRDA:98,9,0,0
BRDA:98,9,1,0
BRDA:98,10,0,0
BRDA:98,10,1,0
BRDA:98,11,0,0
BRDA:98,11,1,0
BRDA:109,12,0,0
BRDA:109,12,1,0
BRDA:115,13,0,0
BRDA:115,13,1,0
BRDA:119,14,0,0
BRDA:119,14,1,0
BRDA:123,15,0,0
BRDA:123,15,1,0
BRDA:128,16,0,0
BRDA:128,16,1,0
BRDA:136,17,0,0
BRDA:136,17,1,0
BRDA:136,18,0,0
BRDA:136,18,1,0
BRDA:137,19,0,0
BRDA:137,19,1,0
BRDA:144,20,0,0
BRDA:144,20,1,0
BRDA:168,21,0,0
BRDA:168,21,1,0
BRDA:168,22,0,0
BRDA:168,22,1,0
BRDA:169,23,0,0
BRDA:169,23,1,0
BRDA:194,24,0,0
BRDA:194,24,1,0
BRDA:196,25,0,0
BRDA:196,25,1,0
BRDA:200,26,0,0
BRDA:200,26,1,0
BRDA:212,27,0,0
BRDA:212,27,1,0
BRDA:214,28,0,0
BRDA:214,28,1,0
BRDA:214,29,0,0
BRDA:214,29,1,0
BRDA:223,30,0,0
BRDA:223,30,1,0
BRDA:223,31,0,0
BRDA:223,31,1,0
BRDA:225,32,0,0
BRDA:225,32,1,0
BRDA:226,33,0,0
BRDA:226,33,1,0
BRDA:229,34,0,0
BRDA:229,34,1,0
BRDA:232,35,0,0
BRDA:232,35,1,0
BRDA:249,36,0,0
BRDA:249,36,1,0
BRDA:249,37,0,0
BRDA:249,37,1,0
BRDA:251,38,0,0
BRDA:251,38,1,0
BRDA:252,39,0,0
BRDA:252,39,1,0
BRDA:269,40,0,0
BRDA:269,40,1,0
BRF:80
BRH:0
end_of_record
TN:
SF:E:\Projects\Rwa-Claim-Market\packages\contracts\contracts\ClaimMarket.sol
FN:39,constructor
FN:44,listClaim
FN:64,cancelListing
FN:75,buyClaim
FN:92,getListing
FNF:5
FNH:0
FNDA:0,constructor
FNDA:0,listClaim
FNDA:0,cancelListing
FNDA:0,buyClaim
FNDA:0,getListing
DA:40,0
DA:41,0
DA:45,0
DA:47,0
DA:48,0
DA:49,0
DA:50,0
DA:52,0
DA:59,0
DA:61,0
DA:65,0
DA:66,0
DA:67,0
DA:69,0
DA:70,0
DA:72,0
DA:76,0
DA:77,0
DA:78,0
DA:80,0
DA:81,0
DA:83,0
DA:85,0
DA:86,0
DA:87,0
DA:89,0
DA:93,0
LF:27
LH:0
BRDA:44,1,0,0
BRDA:44,1,1,0
BRDA:45,2,0,0
BRDA:45,2,1,0
BRDA:48,3,0,0
BRDA:48,3,1,0
BRDA:49,4,0,0
BRDA:49,4,1,0
BRDA:50,5,0,0
BRDA:50,5,1,0
BRDA:64,6,0,0
BRDA:64,6,1,0
BRDA:66,7,0,0
BRDA:66,7,1,0
BRDA:67,8,0,0
BRDA:67,8,1,0
BRDA:75,9,0,0
BRDA:75,9,1,0
BRDA:77,10,0,0
BRDA:77,10,1,0
BRDA:78,11,0,0
BRDA:78,11,1,0
BRF:22
BRH:0
end_of_record
TN:
SF:E:\Projects\Rwa-Claim-Market\packages\contracts\contracts\ClaimRegistry.sol
FN:48,onlyAuthorized
FN:55,constructor
FN:57,setVault
FN:61,setClaimMarket
FN:70,createClaim
FN:98,transferClaim
FN:114,markClaimSettled
FN:126,updateClaimStatus
FN:135,getClaim
FN:140,getClaimOwner
FNF:10
FNH:0
FNDA:0,onlyAuthorized
FNDA:0,constructor
FNDA:0,setVault
FNDA:0,setClaimMarket
FNDA:0,createClaim
FNDA:0,transferClaim
FNDA:0,markClaimSettled
FNDA:0,updateClaimStatus
FNDA:0,getClaim
FNDA:0,getClaimOwner
DA:49,0
DA:50,0
DA:52,0
DA:58,0
DA:62,0
DA:71,0
DA:72,0
DA:74,0
DA:75,0
DA:76,0
DA:77,0
DA:79,0
DA:93,0
DA:95,0
DA:99,0
DA:100,0
DA:101,0
DA:102,0
DA:105,0
DA:106,0
DA:107,0
DA:108,0
DA:110,0
DA:111,0
DA:115,0
DA:116,0
DA:117,0
DA:119,0
DA:120,0
DA:122,0
DA:123,0
DA:127,0
DA:128,0
DA:130,0
DA:131,0
DA:132,0
DA:136,0
DA:137,0
DA:141,0
DA:142,0
LF:40
LH:0
BRDA:49,1,0,0
BRDA:49,1,1,0
BRDA:57,2,0,0
BRDA:57,2,1,0
BRDA:61,3,0,0
BRDA:61,3,1,0
BRDA:70,4,0,0
BRDA:70,4,1,0
BRDA:71,5,0,0
BRDA:71,5,1,0
BRDA:72,6,0,0
BRDA:72,6,1,0
BRDA:98,7,0,0
BRDA:98,7,1,0
BRDA:100,8,0,0
BRDA:100,8,1,0
BRDA:101,9,0,0
BRDA:101,9,1,0
BRDA:101,10,0,0
BRDA:101,10,1,0
BRDA:101,11,0,0
BRDA:101,11,1,0
BRDA:114,12,0,0
BRDA:114,12,1,0
BRDA:116,13,0,0
BRDA:116,13,1,0
BRDA:117,14,0,0
BRDA:117,14,1,0
BRDA:126,15,0,0
BRDA:126,15,1,0
BRDA:128,16,0,0
BRDA:128,16,1,0
BRDA:136,17,0,0
BRDA:136,17,1,0
BRDA:141,18,0,0
BRDA:141,18,1,0
BRF:36
BRH:0
end_of_record
TN:
SF:E:\Projects\Rwa-Claim-Market\packages\contracts\contracts\MockUSDC.sol
FN:14,constructor
FN:18,decimals
FN:22,mint
FN:26,faucet
FNF:4
FNH:0
FNDA:0,constructor
FNDA:0,decimals
FNDA:0,mint
FNDA:0,faucet
DA:15,0
DA:19,0
DA:23,0
DA:27,0
LF:4
LH:0
BRDA:22,1,0,0
BRDA:22,1,1,0
BRF:2
BRH:0
end_of_record
TN:
SF:E:\Projects\Rwa-Claim-Market\packages\contracts\contracts\RWAAssetRegistry.sol
FN:39,onlyOracleOrOwner
FN:46,constructor
FN:48,setOracleAdapter
FN:60,updateAsset
FN:84,getAsset
FNF:5
FNH:0
FNDA:0,onlyOracleOrOwner
FNDA:0,constructor
FNDA:0,setOracleAdapter
FNDA:0,updateAsset
FNDA:0,getAsset
DA:40,0
DA:41,0
DA:43,0
DA:49,0
DA:61,0
DA:73,0
DA:85,0
DA:86,0
LF:8
LH:0
BRDA:40,1,0,0
BRDA:40,1,1,0
BRDA:48,2,0,0
BRDA:48,2,1,0
BRDA:60,3,0,0
BRDA:60,3,1,0
BRDA:85,4,0,0
BRDA:85,4,1,0
BRF:8
BRH:0
end_of_record
TN:
SF:E:\Projects\Rwa-Claim-Market\packages\contracts\contracts\RWAOracleAdapter.sol
FN:77,constructor
FN:82,setAttesterSigner
FN:87,revokeSigner
FN:92,setVault
FN:96,setMaxDataAge
FN:101,submitAttestation
FNF:6
FNH:0
FNDA:0,constructor
FNDA:0,setAttesterSigner
FNDA:0,revokeSigner
FNDA:0,setVault
FNDA:0,setMaxDataAge
FNDA:0,submitAttestation
DA:78,0
DA:79,0
DA:83,0
DA:84,0
DA:88,0
DA:89,0
DA:93,0
DA:97,0
DA:98,0
DA:105,0
DA:106,0
DA:107,0
DA:110,0
DA:111,0
DA:112,0
DA:113,0
DA:115,0
DA:118,0
DA:132,0
DA:133,0
DA:135,0
DA:136,0
DA:137,0
DA:138,0
DA:140,0
DA:143,0
DA:144,0
DA:145,0
DA:146,0
DA:148,0
DA:151,0
DA:153,0
DA:163,0
DA:164,0
DA:166,0
DA:167,0
DA:168,0
DA:170,0
DA:174,0
LF:39
LH:0
BRDA:82,1,0,0
BRDA:82,1,1,0
BRDA:87,2,0,0
BRDA:87,2,1,0
BRDA:92,3,0,0
BRDA:92,3,1,0
BRDA:96,4,0,0
BRDA:96,4,1,0
BRDA:105,5,0,0
BRDA:105,5,1,0
BRDA:110,6,0,0
BRDA:110,6,1,0
BRDA:110,7,0,0
BRDA:110,7,1,0
BRDA:112,8,0,0
BRDA:112,8,1,0
BRDA:135,9,0,0
BRDA:135,9,1,0
BRDA:137,10,0,0
BRDA:137,10,1,0
BRDA:143,11,0,0
BRDA:143,11,1,0
BRDA:145,12,0,0
BRDA:145,12,1,0
BRDA:166,13,0,0
BRDA:166,13,1,0
BRDA:167,14,0,0
BRDA:167,14,1,0
BRDA:167,15,0,0
BRDA:167,15,1,0
BRF:30
BRH:0
end_of_record
